mode: set
github.com/GoFurself/devtools/pkg/userops/encryption_bcrypt.go:14.46,16.52 1 1
github.com/GoFurself/devtools/pkg/userops/encryption_bcrypt.go:16.52,18.3 1 1
github.com/GoFurself/devtools/pkg/userops/encryption_bcrypt.go:20.2,20.34 1 1
github.com/GoFurself/devtools/pkg/userops/encryption_bcrypt.go:23.70,25.24 1 1
github.com/GoFurself/devtools/pkg/userops/encryption_bcrypt.go:25.24,27.3 1 1
github.com/GoFurself/devtools/pkg/userops/encryption_bcrypt.go:29.2,29.24 1 1
github.com/GoFurself/devtools/pkg/userops/encryption_bcrypt.go:29.24,31.3 1 1
github.com/GoFurself/devtools/pkg/userops/encryption_bcrypt.go:33.2,34.16 2 1
github.com/GoFurself/devtools/pkg/userops/encryption_bcrypt.go:34.16,36.3 1 0
github.com/GoFurself/devtools/pkg/userops/encryption_bcrypt.go:37.2,37.27 1 1
github.com/GoFurself/devtools/pkg/userops/encryption_bcrypt.go:40.82,42.16 2 1
github.com/GoFurself/devtools/pkg/userops/encryption_bcrypt.go:42.16,44.3 1 1
github.com/GoFurself/devtools/pkg/userops/encryption_bcrypt.go:45.2,45.18 1 1
github.com/GoFurself/devtools/pkg/userops/model_user.go:25.75,30.33 2 1
github.com/GoFurself/devtools/pkg/userops/model_user.go:30.33,32.3 1 1
github.com/GoFurself/devtools/pkg/userops/model_user.go:33.2,33.13 1 1
github.com/GoFurself/devtools/pkg/userops/model_user.go:38.50,39.26 1 1
github.com/GoFurself/devtools/pkg/userops/model_user.go:39.26,41.3 1 1
github.com/GoFurself/devtools/pkg/userops/model_user.go:44.48,45.26 1 1
github.com/GoFurself/devtools/pkg/userops/model_user.go:45.26,47.3 1 1
github.com/GoFurself/devtools/pkg/userops/model_user.go:50.42,51.26 1 1
github.com/GoFurself/devtools/pkg/userops/model_user.go:51.26,53.3 1 1
github.com/GoFurself/devtools/pkg/userops/repository_sqlite.go:17.74,20.16 2 1
github.com/GoFurself/devtools/pkg/userops/repository_sqlite.go:20.16,22.3 1 0
github.com/GoFurself/devtools/pkg/userops/repository_sqlite.go:23.2,30.8 4 1
github.com/GoFurself/devtools/pkg/userops/repository_sqlite.go:33.40,35.2 1 1
github.com/GoFurself/devtools/pkg/userops/repository_sqlite.go:37.41,39.2 1 0
github.com/GoFurself/devtools/pkg/userops/repository_sqlite.go:46.85,64.16 3 1
github.com/GoFurself/devtools/pkg/userops/repository_sqlite.go:64.16,66.3 1 0
github.com/GoFurself/devtools/pkg/userops/repository_sqlite.go:68.2,69.16 2 1
github.com/GoFurself/devtools/pkg/userops/repository_sqlite.go:69.16,71.3 1 0
github.com/GoFurself/devtools/pkg/userops/repository_sqlite.go:72.2,85.37 3 1
github.com/GoFurself/devtools/pkg/userops/repository_sqlite.go:85.37,87.17 2 1
github.com/GoFurself/devtools/pkg/userops/repository_sqlite.go:87.17,90.4 2 0
github.com/GoFurself/devtools/pkg/userops/repository_sqlite.go:91.3,91.38 1 1
github.com/GoFurself/devtools/pkg/userops/repository_sqlite.go:94.2,94.18 1 1
github.com/GoFurself/devtools/pkg/userops/repository_sqlite.go:97.61,99.16 2 1
github.com/GoFurself/devtools/pkg/userops/repository_sqlite.go:99.16,101.3 1 0
github.com/GoFurself/devtools/pkg/userops/repository_sqlite.go:102.2,103.16 2 1
github.com/GoFurself/devtools/pkg/userops/repository_sqlite.go:103.16,105.3 1 0
github.com/GoFurself/devtools/pkg/userops/repository_sqlite.go:106.2,107.12 2 1
github.com/GoFurself/devtools/pkg/userops/repository_sqlite.go:110.70,112.16 2 1
github.com/GoFurself/devtools/pkg/userops/repository_sqlite.go:112.16,114.3 1 0
github.com/GoFurself/devtools/pkg/userops/repository_sqlite.go:115.2,117.16 2 1
github.com/GoFurself/devtools/pkg/userops/repository_sqlite.go:117.16,120.17 3 1
github.com/GoFurself/devtools/pkg/userops/repository_sqlite.go:120.17,122.4 1 0
github.com/GoFurself/devtools/pkg/userops/repository_sqlite.go:123.3,123.19 1 1
github.com/GoFurself/devtools/pkg/userops/repository_sqlite.go:125.2,125.17 1 0
github.com/GoFurself/devtools/pkg/userops/repository_sqlite.go:131.76,133.16 2 1
github.com/GoFurself/devtools/pkg/userops/repository_sqlite.go:133.16,135.3 1 0
github.com/GoFurself/devtools/pkg/userops/repository_sqlite.go:136.2,138.16 2 1
github.com/GoFurself/devtools/pkg/userops/repository_sqlite.go:138.16,141.17 3 1
github.com/GoFurself/devtools/pkg/userops/repository_sqlite.go:141.17,143.4 1 0
github.com/GoFurself/devtools/pkg/userops/repository_sqlite.go:144.3,144.19 1 1
github.com/GoFurself/devtools/pkg/userops/repository_sqlite.go:146.2,146.17 1 1
github.com/GoFurself/devtools/pkg/userops/repository_sqlite.go:149.60,151.16 2 0
github.com/GoFurself/devtools/pkg/userops/repository_sqlite.go:151.16,153.3 1 0
github.com/GoFurself/devtools/pkg/userops/repository_sqlite.go:154.2,157.17 3 0
github.com/GoFurself/devtools/pkg/userops/repository_sqlite.go:157.17,160.17 3 0
github.com/GoFurself/devtools/pkg/userops/repository_sqlite.go:160.17,162.4 1 0
github.com/GoFurself/devtools/pkg/userops/repository_sqlite.go:163.3,163.30 1 0
github.com/GoFurself/devtools/pkg/userops/repository_sqlite.go:165.2,165.19 1 0
github.com/GoFurself/devtools/pkg/userops/repository_sqlite.go:168.61,170.16 2 1
github.com/GoFurself/devtools/pkg/userops/repository_sqlite.go:170.16,172.3 1 0
github.com/GoFurself/devtools/pkg/userops/repository_sqlite.go:173.2,174.16 2 1
github.com/GoFurself/devtools/pkg/userops/repository_sqlite.go:174.16,176.3 1 0
github.com/GoFurself/devtools/pkg/userops/repository_sqlite.go:177.2,177.12 1 1
github.com/GoFurself/devtools/pkg/userops/repository_sqlite.go:177.12,179.3 1 0
github.com/GoFurself/devtools/pkg/userops/repository_sqlite.go:180.2,180.12 1 1
github.com/GoFurself/devtools/pkg/userops/repository_sqlite.go:183.61,185.16 2 1
github.com/GoFurself/devtools/pkg/userops/repository_sqlite.go:185.16,187.3 1 0
github.com/GoFurself/devtools/pkg/userops/repository_sqlite.go:188.2,189.16 2 1
github.com/GoFurself/devtools/pkg/userops/repository_sqlite.go:189.16,191.3 1 0
github.com/GoFurself/devtools/pkg/userops/repository_sqlite.go:192.2,192.12 1 1
github.com/GoFurself/devtools/pkg/userops/repository_sqlite.go:192.12,194.3 1 0
github.com/GoFurself/devtools/pkg/userops/repository_sqlite.go:195.2,195.12 1 1
github.com/GoFurself/devtools/pkg/userops/repository_sqlite.go:198.61,200.16 2 1
github.com/GoFurself/devtools/pkg/userops/repository_sqlite.go:200.16,202.3 1 0
github.com/GoFurself/devtools/pkg/userops/repository_sqlite.go:203.2,204.16 2 1
github.com/GoFurself/devtools/pkg/userops/repository_sqlite.go:204.16,206.3 1 0
github.com/GoFurself/devtools/pkg/userops/repository_sqlite.go:207.2,207.12 1 1
github.com/GoFurself/devtools/pkg/userops/repository_sqlite.go:207.12,209.3 1 0
github.com/GoFurself/devtools/pkg/userops/repository_sqlite.go:210.2,210.12 1 1
github.com/GoFurself/devtools/pkg/userops/repository_sqlite.go:213.62,215.16 2 1
github.com/GoFurself/devtools/pkg/userops/repository_sqlite.go:215.16,217.3 1 0
github.com/GoFurself/devtools/pkg/userops/repository_sqlite.go:218.2,219.16 2 1
github.com/GoFurself/devtools/pkg/userops/repository_sqlite.go:219.16,221.3 1 0
github.com/GoFurself/devtools/pkg/userops/repository_sqlite.go:222.2,222.12 1 1
github.com/GoFurself/devtools/pkg/userops/repository_sqlite.go:222.12,224.3 1 0
github.com/GoFurself/devtools/pkg/userops/repository_sqlite.go:225.2,225.12 1 1
github.com/GoFurself/devtools/pkg/userops/service.go:13.93,18.2 1 1
github.com/GoFurself/devtools/pkg/userops/service.go:20.56,27.16 5 1
github.com/GoFurself/devtools/pkg/userops/service.go:27.16,29.3 1 0
github.com/GoFurself/devtools/pkg/userops/service.go:30.2,32.34 2 1
github.com/GoFurself/devtools/pkg/userops/service.go:35.65,37.2 1 1
github.com/GoFurself/devtools/pkg/userops/service.go:39.71,41.2 1 1
github.com/GoFurself/devtools/pkg/userops/service.go:43.68,45.2 1 0
github.com/GoFurself/devtools/pkg/userops/service.go:47.56,50.16 2 1
github.com/GoFurself/devtools/pkg/userops/service.go:50.16,52.3 1 0
github.com/GoFurself/devtools/pkg/userops/service.go:53.2,55.34 2 1
github.com/GoFurself/devtools/pkg/userops/service.go:58.56,60.2 1 1
github.com/GoFurself/devtools/pkg/userops/service.go:62.56,64.2 1 1
github.com/GoFurself/devtools/pkg/userops/service.go:66.57,68.2 1 1
github.com/GoFurself/devtools/pkg/userops/service.go:70.87,72.16 2 1
github.com/GoFurself/devtools/pkg/userops/service.go:72.16,74.3 1 0
github.com/GoFurself/devtools/pkg/userops/service.go:75.2,75.12 1 1
github.com/GoFurself/devtools/pkg/userops/service.go:75.12,77.3 1 1
github.com/GoFurself/devtools/pkg/userops/service.go:78.2,78.18 1 1
github.com/GoFurself/devtools/pkg/userops/service.go:81.88,83.16 2 1
github.com/GoFurself/devtools/pkg/userops/service.go:83.16,85.3 1 0
github.com/GoFurself/devtools/pkg/userops/service.go:86.2,86.19 1 1
github.com/GoFurself/devtools/pkg/userops/service.go:89.73,91.16 2 1
github.com/GoFurself/devtools/pkg/userops/service.go:91.16,93.3 1 0
github.com/GoFurself/devtools/pkg/userops/service.go:94.2,94.18 1 1
github.com/GoFurself/devtools/pkg/userops/userops.go:22.73,24.50 1 1
github.com/GoFurself/devtools/pkg/userops/userops.go:24.50,25.79 1 1
github.com/GoFurself/devtools/pkg/userops/userops.go:25.79,27.4 1 0
github.com/GoFurself/devtools/pkg/userops/userops.go:28.3,29.13 2 1
github.com/GoFurself/devtools/pkg/userops/userops.go:33.52,35.50 1 1
github.com/GoFurself/devtools/pkg/userops/userops.go:35.50,36.15 1 1
github.com/GoFurself/devtools/pkg/userops/userops.go:36.15,38.4 1 0
github.com/GoFurself/devtools/pkg/userops/userops.go:39.3,40.13 2 1
github.com/GoFurself/devtools/pkg/userops/userops.go:44.110,47.30 2 1
github.com/GoFurself/devtools/pkg/userops/userops.go:47.30,48.36 1 1
github.com/GoFurself/devtools/pkg/userops/userops.go:48.36,50.4 1 0
github.com/GoFurself/devtools/pkg/userops/userops.go:53.2,53.12 1 1
github.com/GoFurself/devtools/pkg/userops/userops.go:54.14,55.32 1 1
github.com/GoFurself/devtools/pkg/userops/userops.go:55.32,57.4 1 0
github.com/GoFurself/devtools/pkg/userops/userops.go:59.3,60.17 2 1
github.com/GoFurself/devtools/pkg/userops/userops.go:60.17,62.4 1 0
github.com/GoFurself/devtools/pkg/userops/userops.go:64.3,65.17 2 1
github.com/GoFurself/devtools/pkg/userops/userops.go:65.17,67.4 1 0
github.com/GoFurself/devtools/pkg/userops/userops.go:69.3,69.25 1 1
github.com/GoFurself/devtools/pkg/userops/userops.go:69.25,71.4 1 0
github.com/GoFurself/devtools/pkg/userops/userops.go:73.3,73.51 1 1
github.com/GoFurself/devtools/pkg/userops/userops.go:75.10,76.54 1 0
